2024-05-16 13:15:16.422 - DBeaver 23.3.5.202402181738 is starting
2024-05-16 13:15:16.423 - OS: Windows 10 10.0 (amd64)
2024-05-16 13:15:16.423 - Java version: 17.0.6 by Eclipse Adoptium (64bit)
2024-05-16 13:15:16.423 - Install path: 'C:\tools\dbeaver'
2024-05-16 13:15:16.424 - Instance path: 'file:/C:/workspace/03_SQL/'
2024-05-16 13:15:16.424 - Memory available 64Mb/1024Mb
2024-05-16 13:15:16.434 - Create display
2024-05-16 13:15:16.504 - Initialize desktop platform...
2024-05-16 13:15:16.586 - BounceCastle bundle found. Use JCE provider BC
> Start Core File Systems [org.eclipse.core.filesystem 1.10.200.v20231102-0934]
> Start Core Resource Management [org.eclipse.core.resources 3.20.0.v20231102-0934]
> Start 팀 지원 핵심 [org.eclipse.team.core 3.10.200.v20231106-1240]
> Start DBeaver UI Navigator [org.jkiss.dbeaver.ui.navigator 1.0.125.202402181738]
2024-05-16 13:15:16.808 - Initialize base platform...
2024-05-16 13:15:16.833 - Platform initialized (329ms)
> Start DBeaver UI Editors - Base [org.jkiss.dbeaver.ui.editors.base 1.0.125.202402181738]
2024-05-16 13:15:16.869 - Starting instance server at http://localhost:54703
2024-05-16 13:15:16.889 - Run workbench
> Start Eclipse e4 작업영역 SWT [org.eclipse.e4.ui.workbench.swt 0.17.200.v20231030-2045]
> Start Eclipse Application Services [org.eclipse.e4.core.services 2.4.200.v20231103-2012]
> Start Eclipse UI Application Services [org.eclipse.e4.ui.services 1.6.200.v20231030-2045]
> Start Eclipse e4 Progress View [org.eclipse.e4.ui.progress 0.4.200.v20231030-2045]
> Start Eclipse Bindings Support [org.eclipse.e4.ui.bindings 0.14.200.v20231030-2045]
> Start Eclipse e4 core commands [org.eclipse.e4.core.commands 1.1.200.v20231108-1058]
> Start EMF XML/XMI Persistence [org.eclipse.emf.ecore.xmi 2.36.0.v20231002-1156]
> Start Eclipse CSS SWT Theme Support [org.eclipse.e4.ui.css.swt.theme 0.14.200.v20230913-1724]
> Start Eclipse e4 작업영역 기능 추가 [org.eclipse.e4.ui.workbench.addons.swt 1.5.200.v20231106-1600]
> Start Eclipse e4 작업영역 SWT 렌더러 [org.eclipse.e4.ui.workbench.renderers.swt 0.16.200.v20231030-2045]
> Start Eclipse Dependency Injection Extensions [org.eclipse.e4.core.di.extensions 0.18.100.v20231103-2012]
> Start Eclipse CSS SWT Support [org.eclipse.e4.ui.css.swt 0.15.200.v20231025-0632]
> Start jna [com.sun.jna 5.13.0.v20230812-1000]
Warning: NLS unused message: BlockedJobsDialog_UserInterfaceTreeElement in: org.eclipse.ui.internal.progress.messages
2024-05-16 13:15:21.870 - Configure workbench window
> Start DBeaver SQL Model [org.jkiss.dbeaver.model.sql 1.0.115.202402181738]
2024-05-16 13:15:21.983 - Total database drivers: 112 (112)
> Start 도움말 시스템 코어 [org.eclipse.help 3.10.200.v20231106-1240]
2024-05-16 13:15:22.072 - Create actions
2024-05-16 13:15:22.077 - Disable Eclipse action set 'org.eclipse.ui.edit.text.actionSet.annotationNavigation'
2024-05-16 13:15:22.077 - Disable Eclipse action set 'org.eclipse.ui.WorkingSetActionSet'
2024-05-16 13:15:22.077 - Disable Eclipse action set 'org.eclipse.ui.actionSet.openFiles'
2024-05-16 13:15:22.309 - Initialize workbench window
2024-05-16 13:15:22.313 - Finish initialization
> Start 기본 문서 편집기 [org.eclipse.ui.editors 3.17.100.v20231106-1600]
> Start 텍스트 편집기 프레임워크 [org.eclipse.ui.workbench.texteditor 3.17.200.v20231106-1600]
> Start DBeaver UI Editors - Data [org.jkiss.dbeaver.ui.editors.data 1.0.125.202402181738]
Warning: NLS unused message: actions_navigator__objects in: org.jkiss.dbeaver.ui.editors.sql.internal.SQLEditorMessages
> Start DBeaver UI Editors - SQL [org.jkiss.dbeaver.ui.editors.sql 1.0.125.202402181738]
> Start DBeaver SQL Terminal [org.jkiss.dbeaver.ui.editors.sql.terminal 1.0.101.202402181738]
> Start 핵심 비교 지원 [org.eclipse.compare.core 3.8.300.v20231106-1240]
> Start 인터넷 연결 관리 사용자 인터페이스 [org.eclipse.ui.net 1.5.200.v20231106-1240]
> Start Internet Connection Management [org.eclipse.core.net 1.5.200.v20231106-1240]
> Start DBeaver Sample Database [org.jkiss.dbeaver.ext.sample.database 1.0.162.202402181738]
> Start DBeaver Tip of the day [org.jkiss.dbeaver.ext.ui.tipoftheday 1.0.131.202402181738]
> Start GEF Classic Draw2d [org.eclipse.draw2d 3.14.100.202311222042]
> Start GEF Classic GEF (MVC) [org.eclipse.gef 3.16.0.202311222042]
> Start DBeaver ERD UI [org.jkiss.dbeaver.erd.ui 3.0.85.202402181738]
> Start DBeaver ERD Model [org.jkiss.dbeaver.erd.model 1.0.85.202402181738]
> Start DBeaver JDBC Model [org.jkiss.dbeaver.model.jdbc 1.0.18.202402181738]
> Start DBeaver Oracle Model [org.jkiss.dbeaver.ext.oracle 2.1.210.202402181738]
> Start DBeaver Tasks - Native Tools UI [org.jkiss.dbeaver.tasks.native.ui 1.0.103.202402181738]
> Start DBeaver Oracle UI [org.jkiss.dbeaver.ext.oracle.ui 1.0.112.202402181738]
> Start DBeaver Tasks - General UI [org.jkiss.dbeaver.tasks.ui 1.0.103.202402181738]
> Start DBeaver UI Editors - Connections [org.jkiss.dbeaver.ui.editors.connection 1.0.116.202402181738]
> Start 콘솔 [org.eclipse.ui.console 3.13.100.v20230914-0751]
Warning: NLS unused message: InputStreamMonitor_label in: org.eclipse.debug.internal.core.DebugCoreMessages
Warning: NLS unused message: OutputStreamMonitor_label in: org.eclipse.debug.internal.core.DebugCoreMessages
> Start 디버그 핵심 [org.eclipse.debug.core 3.21.200.v20231021-1513]
2024-05-16 13:15:23.903 - Can't connect - connect/disconnect is in progress
2024-05-16 13:15:23.932 - Connect with 'bebegiboo' (oracle_thin-18f1463ce62-58b7ebaac91030dc)
2024-05-16 13:15:23.951 - Execution context opened (bebegiboo; Main; 0)
> Start DBeaver SQL Language Semantic Model [org.jkiss.dbeaver.model.lsm 1.0.20.202402181738]
2024-05-16 13:15:24.447 - Execution context opened (bebegiboo; Metadata; 1)
2024-05-16 13:15:24.538 - Connected (oracle_thin-18f1463ce62-58b7ebaac91030dc, Oracle JDBC driver [23.2.0.0.0])
2024-05-16 13:15:24.541 - Execution context opened (bebegiboo; SQLEditor <semiProjectDB계정생성.sql>; 2)
2024-05-16 13:15:26.135 - Open [https://dbeaver.io/product/version.xml]
2024-05-16 13:16:19.298 - Wrong meta attributes count (11 <> 12) - can't refresh
2024-05-16 13:16:19.308 - Wrong meta attributes count (11 <> 12) - can't refresh
2024-05-16 13:16:19.312 - Wrong meta attributes count (11 <> 12) - can't refresh
2024-05-16 13:16:19.318 - Wrong meta attributes count (11 <> 12) - can't refresh
2024-05-16 13:16:19.324 - Wrong meta attributes count (11 <> 12) - can't refresh
2024-05-16 13:18:29.970 - Can't get column 'PLUGGED_IN': ORA-17006: 열 이름이 부적합합니다.
2024-05-16 13:18:36.724 - Duplicate object name 'CERTIFICATION_BOARD' in cache TableCache. Last value: BEBEGIBOO.CERTIFICATION_BOARD
2024-05-16 13:18:37.182 - Duplicate object name 'CERTIFICATION_BOARD' in cache TableCache. Last value: BEBEGIBOO.CERTIFICATION_BOARD
2024-05-16 13:18:37.324 - Duplicate object name 'CERTIFICATION_BOARD' in cache TableCache. Last value: BEBEGIBOO.CERTIFICATION_BOARD
2024-05-16 13:21:56.558 - Duplicate object name 'BOARD_IMG' in cache TableCache. Last value: BEBEGIBOO.BOARD_IMG
2024-05-16 13:21:56.830 - Duplicate object name 'BOARD_IMG' in cache TableCache. Last value: BEBEGIBOO.BOARD_IMG
2024-05-16 13:22:12.496 - Wrong meta attributes count (11 <> 12) - can't refresh
2024-05-16 13:26:02.531 - Duplicate object name 'BOARD_IMG' in cache TableCache. Last value: BEBEGIBOO.BOARD_IMG
2024-05-16 13:26:02.865 - Duplicate object name 'CERTIFICATION_BOARD' in cache TableCache. Last value: BEBEGIBOO.CERTIFICATION_BOARD
2024-05-16 13:26:14.908 - Wrong meta attributes count (11 <> 12) - can't refresh
2024-05-16 13:27:03.498 - Wrong meta attributes count (11 <> 12) - can't refresh
2024-05-16 13:32:35.219 - Duplicate object name 'BOARD_IMG' in cache TableCache. Last value: BEBEGIBOO.BOARD_IMG
2024-05-16 13:32:35.356 - Duplicate object name 'BOARD_IMG' in cache TableCache. Last value: BEBEGIBOO.BOARD_IMG
2024-05-16 13:33:22.396 - Wrong meta attributes count (11 <> 12) - can't refresh
2024-05-16 13:34:39.145 - Duplicate object name 'BOARD_IMG' in cache TableCache. Last value: BEBEGIBOO.BOARD_IMG
2024-05-16 13:34:40.017 - Duplicate object name 'BOARD_IMG' in cache TableCache. Last value: BEBEGIBOO.BOARD_IMG
2024-05-16 13:34:49.366 - Wrong meta attributes count (11 <> 12) - can't refresh
2024-05-16 13:38:12.602 - Duplicate object name 'BOARD_IMG' in cache TableCache. Last value: BEBEGIBOO.BOARD_IMG
2024-05-16 13:39:54.986 - Duplicate object name 'BOARD_IMG' in cache TableCache. Last value: BEBEGIBOO.BOARD_IMG
2024-05-16 13:39:55.312 - Duplicate object name 'BOARD_IMG' in cache TableCache. Last value: BEBEGIBOO.BOARD_IMG
2024-05-16 13:39:55.482 - Duplicate object name 'BOARD_IMG' in cache TableCache. Last value: BEBEGIBOO.BOARD_IMG
2024-05-16 15:20:00.080 - Execution context closed (bebegiboo, 0)
2024-05-16 15:20:00.092 - Execution context closed (bebegiboo, 1)
2024-05-16 15:20:00.103 - Execution context closed (bebegiboo, 2)
2024-05-16 15:20:00.103 - Disconnected (oracle_thin-18f1463ce62-58b7ebaac91030dc)
2024-05-16 16:48:40.513 - DBeaver is stopping
2024-05-16 16:48:40.513 - Stop instance server
2024-05-16 16:48:41.516 - Instance server has been stopped
2024-05-16 16:48:41.516 - DBeaver shutdown completed
